pyxis: importing docker image: pytorch/pytorch:1.11.0-cuda11.3-cudnn8-runtime
/workspace
TARGET                                                             SOURCE                                                                     FSTYPE      OPTIONS
/                                                                  /dev/md1[/tmp/enroot-data/user-12211/pyxis_107378.4294967291]              ext4        rw,nosuid,nodev,relatime,stripe=512
|-/proc                                                            proc                                                                       proc        rw,nosuid,nodev,noexec,relatime
| |-/proc/sys/fs/binfmt_misc                                       systemd-1                                                                  autofs      rw,relatime,fd=28,pgrp=1,timeout=0,minproto=5,maxproto=5,direct,pipe_ino=208021
| | `-/proc/sys/fs/binfmt_misc                                     binfmt_misc                                                                binfmt_misc rw,nosuid,nodev,noexec,relatime
| `-/proc/driver/nvidia                                            tmpfs                                                                      tmpfs       rw,nosuid,nodev,noexec,relatime,mode=555,uid=12211,gid=12211
|   |-/proc/driver/nvidia/gpus/0000:47:00.0                        proc[/driver/nvidia/gpus/0000:47:00.0]                                     proc        ro,nosuid,nodev,noexec,relatime
|   `-/proc/driver/nvidia/gpus/0000:4e:00.0                        proc[/driver/nvidia/gpus/0000:4e:00.0]                                     proc        ro,nosuid,nodev,noexec,relatime
|-/sys                                                             sysfs                                                                      sysfs       ro,nosuid,nodev,noexec,relatime
| |-/sys/kernel/security                                           securityfs                                                                 securityfs  rw,nosuid,nodev,noexec,relatime
| |-/sys/fs/cgroup                                                 tmpfs                                                                      tmpfs       ro,nosuid,nodev,noexec,mode=755
| | |-/sys/fs/cgroup/unified                                       cgroup2[/../..]                                                            cgroup2     rw,nosuid,nodev,noexec,relatime,nsdelegate
| | | `-/sys/fs/cgroup/unified                                     cgroup2                                                                    cgroup2     ro,nosuid,nodev,noexec,relatime,nsdelegate
| | |-/sys/fs/cgroup/systemd                                       cgroup[/../..]                                                             cgroup      rw,nosuid,nodev,noexec,relatime,xattr,name=systemd
| | | `-/sys/fs/cgroup/systemd                                     cgroup                                                                     cgroup      ro,nosuid,nodev,noexec,relatime,xattr,name=systemd
| | |-/sys/fs/cgroup/devices                                       cgroup[/../../../../..]                                                    cgroup      rw,nosuid,nodev,noexec,relatime,devices
| | | `-/sys/fs/cgroup/devices                                     cgroup                                                                     cgroup      ro,nosuid,nodev,noexec,relatime,devices
| | |-/sys/fs/cgroup/freezer                                       cgroup[/../../../..]                                                       cgroup      rw,nosuid,nodev,noexec,relatime,freezer
| | | `-/sys/fs/cgroup/freezer                                     cgroup                                                                     cgroup      ro,nosuid,nodev,noexec,relatime,freezer
| | |-/sys/fs/cgroup/perf_event                                    cgroup                                                                     cgroup      rw,nosuid,nodev,noexec,relatime,perf_event
| | | `-/sys/fs/cgroup/perf_event                                  cgroup                                                                     cgroup      ro,nosuid,nodev,noexec,relatime,perf_event
| | |-/sys/fs/cgroup/cpuset                                        cgroup[/../../../..]                                                       cgroup      rw,nosuid,nodev,noexec,relatime,cpuset
| | | `-/sys/fs/cgroup/cpuset                                      cgroup                                                                     cgroup      ro,nosuid,nodev,noexec,relatime,cpuset
| | |-/sys/fs/cgroup/memory                                        cgroup[/../..]                                                             cgroup      rw,nosuid,nodev,noexec,relatime,memory
| | | `-/sys/fs/cgroup/memory                                      cgroup                                                                     cgroup      ro,nosuid,nodev,noexec,relatime,memory
| | |-/sys/fs/cgroup/pids                                          cgroup[/../..]                                                             cgroup      rw,nosuid,nodev,noexec,relatime,pids
| | | `-/sys/fs/cgroup/pids                                        cgroup                                                                     cgroup      ro,nosuid,nodev,noexec,relatime,pids
| | |-/sys/fs/cgroup/cpu,cpuacct                                   cgroup[/../..]                                                             cgroup      rw,nosuid,nodev,noexec,relatime,cpu,cpuacct
| | | `-/sys/fs/cgroup/cpu,cpuacct                                 cgroup                                                                     cgroup      ro,nosuid,nodev,noexec,relatime,cpu,cpuacct
| | |-/sys/fs/cgroup/hugetlb                                       cgroup                                                                     cgroup      rw,nosuid,nodev,noexec,relatime,hugetlb
| | | `-/sys/fs/cgroup/hugetlb                                     cgroup                                                                     cgroup      ro,nosuid,nodev,noexec,relatime,hugetlb
| | |-/sys/fs/cgroup/net_cls,net_prio                              cgroup                                                                     cgroup      rw,nosuid,nodev,noexec,relatime,net_cls,net_prio
| | | `-/sys/fs/cgroup/net_cls,net_prio                            cgroup                                                                     cgroup      ro,nosuid,nodev,noexec,relatime,net_cls,net_prio
| | |-/sys/fs/cgroup/blkio                                         cgroup[/../..]                                                             cgroup      rw,nosuid,nodev,noexec,relatime,blkio
| | | `-/sys/fs/cgroup/blkio                                       cgroup                                                                     cgroup      ro,nosuid,nodev,noexec,relatime,blkio
| | `-/sys/fs/cgroup/rdma                                          cgroup                                                                     cgroup      rw,nosuid,nodev,noexec,relatime,rdma
| |   `-/sys/fs/cgroup/rdma                                        cgroup                                                                     cgroup      ro,nosuid,nodev,noexec,relatime,rdma
| |-/sys/fs/pstore                                                 pstore                                                                     pstore      rw,nosuid,nodev,noexec,relatime
| |-/sys/firmware/efi/efivars                                      efivarfs                                                                   efivarfs    rw,nosuid,nodev,noexec,relatime
| |-/sys/fs/bpf                                                    none                                                                       bpf         rw,nosuid,nodev,noexec,relatime,mode=700
| |-/sys/kernel/debug                                              debugfs                                                                    debugfs     rw,nosuid,nodev,noexec,relatime
| | `-/sys/kernel/debug/tracing                                    tracefs                                                                    tracefs     rw,nosuid,nodev,noexec,relatime
| |-/sys/kernel/tracing                                            tracefs                                                                    tracefs     rw,nosuid,nodev,noexec,relatime
| |-/sys/fs/fuse/connections                                       fusectl                                                                    fusectl     rw,nosuid,nodev,noexec,relatime
| `-/sys/kernel/config                                             configfs                                                                   configfs    rw,nosuid,nodev,noexec,relatime
|-/dev                                                             tmpfs                                                                      tmpfs       rw,nosuid,noexec,relatime,mode=755,uid=12211,gid=12211
| |-/dev/zero                                                      udev[/zero]                                                                devtmpfs    rw,nosuid,noexec,relatime,size=528242756k,nr_inodes=132060689,mode=755
| |-/dev/null                                                      udev[/null]                                                                devtmpfs    rw,nosuid,noexec,relatime,size=528242756k,nr_inodes=132060689,mode=755
| |-/dev/full                                                      udev[/full]                                                                devtmpfs    rw,nosuid,noexec,relatime,size=528242756k,nr_inodes=132060689,mode=755
| |-/dev/urandom                                                   udev[/urandom]                                                             devtmpfs    rw,nosuid,noexec,relatime,size=528242756k,nr_inodes=132060689,mode=755
| |-/dev/random                                                    udev[/random]                                                              devtmpfs    rw,nosuid,noexec,relatime,size=528242756k,nr_inodes=132060689,mode=755
| |-/dev/pts                                                       devpts                                                                     devpts      rw,nosuid,noexec,relatime,mode=620,ptmxmode=666
| |-/dev/tty                                                       udev[/tty]                                                                 devtmpfs    rw,nosuid,noexec,relatime,size=528242756k,nr_inodes=132060689,mode=755
| |-/dev/shm                                                       tmpfs                                                                      tmpfs       rw,nosuid,nodev,noexec
| |-/dev/mqueue                                                    mqueue                                                                     mqueue      rw,nosuid,nodev,noexec,relatime
| |-/dev/hugepages                                                 hugetlbfs                                                                  hugetlbfs   rw,nosuid,nodev,noexec,relatime,pagesize=2M
| |-/dev/log                                                       tmpfs[/systemd/journal/dev-log]                                            tmpfs       rw,nosuid,nodev,noexec,relatime,size=105662936k,mode=755
| |-/dev/nvidiactl                                                 udev[/nvidiactl]                                                           devtmpfs    ro,nosuid,noexec,relatime,size=528242756k,nr_inodes=132060689,mode=755
| |-/dev/nvidia-uvm                                                udev[/nvidia-uvm]                                                          devtmpfs    ro,nosuid,noexec,relatime,size=528242756k,nr_inodes=132060689,mode=755
| |-/dev/nvidia-uvm-tools                                          udev[/nvidia-uvm-tools]                                                    devtmpfs    ro,nosuid,noexec,relatime,size=528242756k,nr_inodes=132060689,mode=755
| |-/dev/nvidia2                                                   udev[/nvidia2]                                                             devtmpfs    ro,nosuid,noexec,relatime,size=528242756k,nr_inodes=132060689,mode=755
| `-/dev/nvidia3                                                   udev[/nvidia3]                                                             devtmpfs    ro,nosuid,noexec,relatime,size=528242756k,nr_inodes=132060689,mode=755
|-/tmp                                                             tmpfs                                                                      tmpfs       rw,nosuid,nodev,relatime,mode=755,uid=12211,gid=12211
|-/run                                                             tmpfs                                                                      tmpfs       rw,nosuid,nodev,relatime,mode=755,uid=12211,gid=12211
| |-/run/lock                                                      tmpfs                                                                      tmpfs       rw,nosuid,nodev,relatime,mode=755,uid=12211,gid=12211
| |-/run/nvidia-persistenced/socket                                tmpfs[/nvidia-persistenced/socket]                                         tmpfs       rw,nosuid,nodev,noexec,relatime,size=105662936k,mode=755
| `-/run/nvidia-fabricmanager/socket                               tmpfs[/nvidia-fabricmanager/socket]                                        tmpfs       rw,nosuid,nodev,noexec,relatime,size=105662936k,mode=755
|-/etc/hosts                                                       /dev/md0[/etc/hosts]                                                       ext4        ro,nosuid,nodev,noexec,relatime,nodelalloc,errors=remount-ro
|-/etc/hostname                                                    /dev/md0[/etc/hostname]                                                    ext4        ro,nosuid,nodev,noexec,relatime,nodelalloc,errors=remount-ro
|-/etc/resolv.conf                                                 tmpfs[/systemd/resolve/stub-resolv.conf]                                   tmpfs       ro,nosuid,nodev,noexec,relatime,size=105662936k,mode=755
|-/etc/localtime                                                   /dev/md0[/usr/share/zoneinfo/Europe/Berlin]                                ext4        ro,nosuid,nodev,noexec,relatime,nodelalloc,errors=remount-ro
|-/etc/machine-id                                                  /dev/md0[/etc/machine-id]                                                  ext4        ro,nosuid,nodev,noexec,relatime,nodelalloc,errors=remount-ro
|-/usr/bin/nvidia-smi                                              /dev/md0[/usr/bin/nvidia-smi]                                              ext4        ro,nosuid,nodev,relatime,nodelalloc,errors=remount-ro
|-/usr/bin/nvidia-debugdump                                        /dev/md0[/usr/bin/nvidia-debugdump]                                        ext4        ro,nosuid,nodev,relatime,nodelalloc,errors=remount-ro
|-/usr/bin/nvidia-persistenced                                     /dev/md0[/usr/bin/nvidia-persistenced]                                     ext4        ro,nosuid,nodev,relatime,nodelalloc,errors=remount-ro
|-/usr/bin/nv-fabricmanager                                        /dev/md0[/usr/bin/nv-fabricmanager]                                        ext4        ro,nosuid,nodev,relatime,nodelalloc,errors=remount-ro
|-/usr/bin/nvidia-cuda-mps-control                                 /dev/md0[/usr/bin/nvidia-cuda-mps-control]                                 ext4        ro,nosuid,nodev,relatime,nodelalloc,errors=remount-ro
|-/usr/bin/nvidia-cuda-mps-server                                  /dev/md0[/usr/bin/nvidia-cuda-mps-server]                                  ext4        ro,nosuid,nodev,relatime,nodelalloc,errors=remount-ro
|-/usr/lib/x86_64-linux-gnu/libnvidia-ml.so.470.199.02             /dev/md0[/usr/lib/x86_64-linux-gnu/libnvidia-ml.so.470.199.02]             ext4        ro,nosuid,nodev,relatime,nodelalloc,errors=remount-ro
|-/usr/lib/x86_64-linux-gnu/libnvidia-cfg.so.470.199.02            /dev/md0[/usr/lib/x86_64-linux-gnu/libnvidia-cfg.so.470.199.02]            ext4        ro,nosuid,nodev,relatime,nodelalloc,errors=remount-ro
|-/usr/lib/x86_64-linux-gnu/libnvidia-nscq.so.470.199.02           /dev/md0[/usr/lib/x86_64-linux-gnu/libnvidia-nscq.so.470.199.02]           ext4        ro,nosuid,nodev,relatime,nodelalloc,errors=remount-ro
|-/usr/lib/x86_64-linux-gnu/libcuda.so.470.199.02                  /dev/md0[/usr/lib/x86_64-linux-gnu/libcuda.so.470.199.02]                  ext4        ro,nosuid,nodev,relatime,nodelalloc,errors=remount-ro
|-/usr/lib/x86_64-linux-gnu/libnvidia-opencl.so.470.199.02         /dev/md0[/usr/lib/x86_64-linux-gnu/libnvidia-opencl.so.470.199.02]         ext4        ro,nosuid,nodev,relatime,nodelalloc,errors=remount-ro
|-/usr/lib/x86_64-linux-gnu/libnvidia-ptxjitcompiler.so.470.199.02 /dev/md0[/usr/lib/x86_64-linux-gnu/libnvidia-ptxjitcompiler.so.470.199.02] ext4        ro,nosuid,nodev,relatime,nodelalloc,errors=remount-ro
|-/usr/lib/x86_64-linux-gnu/libnvidia-allocator.so.470.199.02      /dev/md0[/usr/lib/x86_64-linux-gnu/libnvidia-allocator.so.470.199.02]      ext4        ro,nosuid,nodev,relatime,nodelalloc,errors=remount-ro
|-/usr/lib/x86_64-linux-gnu/libnvidia-compiler.so.470.199.02       /dev/md0[/usr/lib/x86_64-linux-gnu/libnvidia-compiler.so.470.199.02]       ext4        ro,nosuid,nodev,relatime,nodelalloc,errors=remount-ro
|-/lib/firmware/nvidia/470.199.02/gsp.bin                          /dev/md0[/usr/lib/firmware/nvidia/470.199.02/gsp.bin]                      ext4        ro,nosuid,nodev,relatime,nodelalloc,errors=remount-ro
|-/home/c01yuxu                                                    /dev/md1[/local/c01yuxu]                                                   ext4        rw,relatime,stripe=512
| |-/home/c01yuxu/CISPA-home                                       /etc/auto.nfs                                                              autofs      rw,relatime,fd=7,pgrp=10894,timeout=300,minproto=5,maxproto=5,offset,pipe_ino=47288
| | `-/home/c01yuxu/CISPA-home                                     home.css.cispa.de:/srv/home/c01yuxu                                        nfs4        rw,nosuid,nodev,noatime,nodiratime,vers=4.2,rsize=32768,wsize=32768,namlen=255,soft,proto=tcp,timeo=14,retrans=2,sec=krb5p,clientaddr=10.17.62.40,local_lock=none,addr=10.17.62.12
| |   `-/home/c01yuxu/CISPA-home                                   home.css.cispa.de:/srv/home/c01yuxu                                        nfs4        rw,nosuid,nodev,noatime,nodiratime,vers=4.2,rsize=32768,wsize=32768,namlen=255,soft,proto=tcp,timeo=14,retrans=2,sec=krb5p,clientaddr=10.17.62.40,local_lock=none,addr=10.17.62.12
| |-/home/c01yuxu/CISPA-projects                                   /etc/auto.nfs                                                              autofs      rw,relatime,fd=7,pgrp=10894,timeout=300,minproto=5,maxproto=5,offset,pipe_ino=47288
| | `-/home/c01yuxu/CISPA-projects                                 projects.css.cispa.de:/srv/projects                                        nfs4        rw,nosuid,nodev,noatime,nodiratime,vers=4.2,rsize=32768,wsize=32768,namlen=255,soft,proto=tcp,timeo=14,retrans=2,sec=krb5p,clientaddr=10.17.62.40,local_lock=none,addr=10.17.62.12
| |   `-/home/c01yuxu/CISPA-projects                               projects.css.cispa.de:/srv/projects                                        nfs4        rw,nosuid,nodev,noatime,nodiratime,vers=4.2,rsize=32768,wsize=32768,namlen=255,soft,proto=tcp,timeo=14,retrans=2,sec=krb5p,clientaddr=10.17.62.40,local_lock=none,addr=10.17.62.12
| |-/home/c01yuxu/CISPA-scratch                                    /etc/auto.nfs                                                              autofs      rw,relatime,fd=7,pgrp=10894,timeout=300,minproto=5,maxproto=5,offset,pipe_ino=47288
| | `-/home/c01yuxu/CISPA-scratch                                  scratch.css.cispa.de:/srv/scratch                                          nfs4        rw,nosuid,nodev,noatime,nodiratime,vers=4.2,rsize=32768,wsize=32768,namlen=255,soft,proto=tcp,timeo=14,retrans=2,sec=krb5p,clientaddr=10.17.62.40,local_lock=none,addr=10.17.62.12
| |   `-/home/c01yuxu/CISPA-scratch                                scratch.css.cispa.de:/srv/scratch                                          nfs4        rw,nosuid,nodev,noatime,nodiratime,vers=4.2,rsize=32768,wsize=32768,namlen=255,soft,proto=tcp,timeo=14,retrans=2,sec=krb5p,clientaddr=10.17.62.40,local_lock=none,addr=10.17.62.12
| `-/home/c01yuxu/CISPA-work                                       /etc/auto.nfs                                                              autofs      rw,relatime,fd=7,pgrp=10894,timeout=300,minproto=5,maxproto=5,offset,pipe_ino=47288
|   `-/home/c01yuxu/CISPA-work                                     work.css.cispa.de:/srv/work                                                nfs4        rw,nosuid,nodev,noatime,nodiratime,vers=4.2,rsize=32768,wsize=32768,namlen=255,soft,proto=tcp,timeo=14,retrans=2,sec=krb5p,clientaddr=10.17.62.40,local_lock=none,addr=10.17.62.12
|     `-/home/c01yuxu/CISPA-work                                   work.css.cispa.de:/srv/work                                                nfs4        rw,nosuid,nodev,noatime,nodiratime,vers=4.2,rsize=32768,wsize=32768,namlen=255,soft,proto=tcp,timeo=14,retrans=2,sec=krb5p,clientaddr=10.17.62.40,local_lock=none,addr=10.17.62.12
|-/var/spool/slurm/d/job107378/slurm_script                        /dev/md0[/var/spool/slurm/d/job107378/slurm_script]                        ext4        ro,nosuid,nodev,relatime,nodelalloc,errors=remount-ro
`-/.lock                                                           /dev/md1[/tmp/enroot-data/user-12211/pyxis_107378.4294967291/.lock]        ext4        ro,nosuid,nodev,noexec,relatime,stripe=512
python: can't open file 'train_cifar.py': [Errno 2] No such file or directory
python: can't open file 'train_cifar.py': [Errno 2] No such file or directory
python: can't open file 'train_cifar.py': [Errno 2] No such file or directory
python: can't open file 'train_cifar.py': [Errno 2] No such file or directory
python: can't open file 'train_cifar.py': [Errno 2] No such file or directory
python: can't open file 'train_cifar.py': [Errno 2] No such file or directory
python: can't open file 'train_cifar.py': [Errno 2] No such file or directory
python: can't open file 'train_cifar.py': [Errno 2] No such file or directory
