[2024/02/06 23:25:10] - Namespace(attack='pgd', attack_iters=10, batch_size=128, chkpt_iters=10, cutout=False, cutout_len=None, data_dir='../cifar-data', epochs=200, epsilon=8, eval=False, fgsm_alpha=1.25, fgsm_init='random', fname='cifar_model', half=False, l1=0, l2=0, lr_drop_epoch=100, lr_max=0.1, lr_one_drop=0.01, lr_schedule='piecewisesmoothed', mixup=False, mixup_alpha=None, model='PreActResNet18', norm='l_inf', pgd_alpha=2, restarts=1, resume=0, seed=0, val=False, width_factor=10)
[2024/02/06 23:25:10] - model: PreActResNet18
[2024/02/06 23:25:10] - l2: 0
[2024/02/06 23:25:10] - l1: 0
[2024/02/06 23:25:10] - batch_size: 128
[2024/02/06 23:25:10] - data_dir: ../cifar-data
[2024/02/06 23:25:10] - epochs: 200
[2024/02/06 23:25:10] - lr_schedule: piecewisesmoothed
[2024/02/06 23:25:10] - lr_max: 0.1
[2024/02/06 23:25:10] - lr_one_drop: 0.01
[2024/02/06 23:25:10] - lr_drop_epoch: 100
[2024/02/06 23:25:10] - attack: pgd
[2024/02/06 23:25:10] - epsilon: 8
[2024/02/06 23:25:10] - attack_iters: 10
[2024/02/06 23:25:10] - restarts: 1
[2024/02/06 23:25:10] - pgd_alpha: 2
[2024/02/06 23:25:10] - fgsm_alpha: 1.25
[2024/02/06 23:25:10] - norm: l_inf
[2024/02/06 23:25:10] - fgsm_init: random
[2024/02/06 23:25:10] - fname: cifar_model
[2024/02/06 23:25:10] - seed: 0
[2024/02/06 23:25:10] - half: False
[2024/02/06 23:25:10] - width_factor: 10
[2024/02/06 23:25:10] - resume: 0
[2024/02/06 23:25:10] - cutout: False
[2024/02/06 23:25:10] - cutout_len: None
[2024/02/06 23:25:10] - mixup: False
[2024/02/06 23:25:10] - mixup_alpha: None
[2024/02/06 23:25:10] - eval: False
[2024/02/06 23:25:10] - val: False
[2024/02/06 23:25:10] - chkpt_iters: 10
[2024/02/06 23:25:10] - Namespace(attack='fgsm', attack_iters=10, batch_size=128, chkpt_iters=10, cutout=False, cutout_len=None, data_dir='../cifar-data', epochs=200, epsilon=8, eval=False, fgsm_alpha=1.25, fgsm_init='random', fname='cifar_model', half=False, l1=0, l2=0, lr_drop_epoch=100, lr_max=0.1, lr_one_drop=0.01, lr_schedule='linear', mixup=False, mixup_alpha=None, model='PreActResNet18', norm='l_inf', pgd_alpha=2, restarts=1, resume=0, seed=0, val=False, width_factor=10)
[2024/02/06 23:25:10] - model: PreActResNet18
[2024/02/06 23:25:10] - l2: 0
[2024/02/06 23:25:10] - l1: 0
[2024/02/06 23:25:10] - batch_size: 128
[2024/02/06 23:25:10] - data_dir: ../cifar-data
[2024/02/06 23:25:10] - epochs: 200
[2024/02/06 23:25:10] - lr_schedule: linear
[2024/02/06 23:25:10] - lr_max: 0.1
[2024/02/06 23:25:10] - lr_one_drop: 0.01
[2024/02/06 23:25:10] - lr_drop_epoch: 100
[2024/02/06 23:25:10] - attack: fgsm
[2024/02/06 23:25:10] - epsilon: 8
[2024/02/06 23:25:10] - attack_iters: 10
[2024/02/06 23:25:10] - restarts: 1
[2024/02/06 23:25:10] - pgd_alpha: 2
[2024/02/06 23:25:10] - fgsm_alpha: 1.25
[2024/02/06 23:25:10] - norm: l_inf
[2024/02/06 23:25:10] - fgsm_init: random
[2024/02/06 23:25:10] - fname: cifar_model
[2024/02/06 23:25:10] - seed: 0
[2024/02/06 23:25:10] - half: False
[2024/02/06 23:25:10] - width_factor: 10
[2024/02/06 23:25:10] - resume: 0
[2024/02/06 23:25:10] - cutout: False
[2024/02/06 23:25:10] - cutout_len: None
[2024/02/06 23:25:10] - mixup: False
[2024/02/06 23:25:10] - mixup_alpha: None
[2024/02/06 23:25:10] - eval: False
[2024/02/06 23:25:10] - val: False
[2024/02/06 23:25:10] - chkpt_iters: 10
[2024/02/06 23:25:11] - Namespace(attack='fgsm', attack_iters=10, batch_size=128, chkpt_iters=10, cutout=False, cutout_len=None, data_dir='../cifar-data', epochs=200, epsilon=8, eval=False, fgsm_alpha=1.25, fgsm_init='random', fname='cifar_model', half=False, l1=0, l2=0, lr_drop_epoch=100, lr_max=0.1, lr_one_drop=0.01, lr_schedule='superconverge', mixup=False, mixup_alpha=None, model='PreActResNet18', norm='l_inf', pgd_alpha=2, restarts=1, resume=0, seed=0, val=False, width_factor=10)
[2024/02/06 23:25:11] - model: PreActResNet18
[2024/02/06 23:25:11] - l2: 0
[2024/02/06 23:25:11] - l1: 0
[2024/02/06 23:25:11] - batch_size: 128
[2024/02/06 23:25:11] - data_dir: ../cifar-data
[2024/02/06 23:25:11] - epochs: 200
[2024/02/06 23:25:11] - lr_schedule: superconverge
[2024/02/06 23:25:11] - lr_max: 0.1
[2024/02/06 23:25:11] - lr_one_drop: 0.01
[2024/02/06 23:25:11] - lr_drop_epoch: 100
[2024/02/06 23:25:11] - attack: fgsm
[2024/02/06 23:25:11] - epsilon: 8
[2024/02/06 23:25:11] - attack_iters: 10
[2024/02/06 23:25:11] - restarts: 1
[2024/02/06 23:25:11] - pgd_alpha: 2
[2024/02/06 23:25:11] - fgsm_alpha: 1.25
[2024/02/06 23:25:11] - norm: l_inf
[2024/02/06 23:25:11] - fgsm_init: random
[2024/02/06 23:25:11] - fname: cifar_model
[2024/02/06 23:25:11] - seed: 0
[2024/02/06 23:25:11] - half: False
[2024/02/06 23:25:11] - width_factor: 10
[2024/02/06 23:25:11] - resume: 0
[2024/02/06 23:25:11] - cutout: False
[2024/02/06 23:25:11] - cutout_len: None
[2024/02/06 23:25:11] - mixup: False
[2024/02/06 23:25:11] - mixup_alpha: None
[2024/02/06 23:25:11] - eval: False
[2024/02/06 23:25:11] - val: False
[2024/02/06 23:25:11] - chkpt_iters: 10
[2024/02/06 23:25:11] - Namespace(attack='pgd', attack_iters=10, batch_size=128, chkpt_iters=10, cutout=False, cutout_len=None, data_dir='../cifar-data', epochs=200, epsilon=8, eval=False, fgsm_alpha=1.25, fgsm_init='random', fname='cifar_model', half=False, l1=0, l2=0, lr_drop_epoch=100, lr_max=0.1, lr_one_drop=0.01, lr_schedule='piecewise', mixup=False, mixup_alpha=None, model='PreActResNet18', norm='l_inf', pgd_alpha=2, restarts=1, resume=0, seed=0, val=False, width_factor=10)
[2024/02/06 23:25:11] - model: PreActResNet18
[2024/02/06 23:25:11] - l2: 0
[2024/02/06 23:25:11] - l1: 0
[2024/02/06 23:25:11] - batch_size: 128
[2024/02/06 23:25:11] - data_dir: ../cifar-data
[2024/02/06 23:25:11] - epochs: 200
[2024/02/06 23:25:11] - lr_schedule: piecewise
[2024/02/06 23:25:11] - lr_max: 0.1
[2024/02/06 23:25:11] - lr_one_drop: 0.01
[2024/02/06 23:25:11] - lr_drop_epoch: 100
[2024/02/06 23:25:11] - attack: pgd
[2024/02/06 23:25:11] - epsilon: 8
[2024/02/06 23:25:11] - attack_iters: 10
[2024/02/06 23:25:11] - restarts: 1
[2024/02/06 23:25:11] - pgd_alpha: 2
[2024/02/06 23:25:11] - fgsm_alpha: 1.25
[2024/02/06 23:25:11] - norm: l_inf
[2024/02/06 23:25:11] - fgsm_init: random
[2024/02/06 23:25:11] - fname: cifar_model
[2024/02/06 23:25:11] - seed: 0
[2024/02/06 23:25:11] - half: False
[2024/02/06 23:25:11] - width_factor: 10
[2024/02/06 23:25:11] - resume: 0
[2024/02/06 23:25:11] - cutout: False
[2024/02/06 23:25:11] - cutout_len: None
[2024/02/06 23:25:11] - mixup: False
[2024/02/06 23:25:11] - mixup_alpha: None
[2024/02/06 23:25:11] - eval: False
[2024/02/06 23:25:11] - val: False
[2024/02/06 23:25:11] - chkpt_iters: 10
[2024/02/06 23:25:11] - Namespace(attack='pgd', attack_iters=10, batch_size=128, chkpt_iters=10, cutout=True, cutout_len=16, data_dir='../cifar-data', epochs=200, epsilon=8, eval=False, fgsm_alpha=1.25, fgsm_init='random', fname='cifar_model', half=False, l1=0, l2=0, lr_drop_epoch=100, lr_max=0.1, lr_one_drop=0.01, lr_schedule='piecewise', mixup=True, mixup_alpha=1.0, model='PreActResNet18', norm='l_inf', pgd_alpha=2, restarts=1, resume=0, seed=0, val=False, width_factor=10)
[2024/02/06 23:25:11] - model: PreActResNet18
[2024/02/06 23:25:11] - l2: 0
[2024/02/06 23:25:11] - l1: 0
[2024/02/06 23:25:11] - batch_size: 128
[2024/02/06 23:25:11] - data_dir: ../cifar-data
[2024/02/06 23:25:11] - epochs: 200
[2024/02/06 23:25:11] - lr_schedule: piecewise
[2024/02/06 23:25:11] - lr_max: 0.1
[2024/02/06 23:25:11] - lr_one_drop: 0.01
[2024/02/06 23:25:11] - lr_drop_epoch: 100
[2024/02/06 23:25:11] - attack: pgd
[2024/02/06 23:25:11] - epsilon: 8
[2024/02/06 23:25:11] - attack_iters: 10
[2024/02/06 23:25:11] - restarts: 1
[2024/02/06 23:25:11] - pgd_alpha: 2
[2024/02/06 23:25:11] - fgsm_alpha: 1.25
[2024/02/06 23:25:11] - norm: l_inf
[2024/02/06 23:25:11] - fgsm_init: random
[2024/02/06 23:25:11] - fname: cifar_model
[2024/02/06 23:25:11] - seed: 0
[2024/02/06 23:25:11] - half: False
[2024/02/06 23:25:11] - width_factor: 10
[2024/02/06 23:25:11] - resume: 0
[2024/02/06 23:25:11] - cutout: True
[2024/02/06 23:25:11] - cutout_len: 16
[2024/02/06 23:25:11] - mixup: True
[2024/02/06 23:25:11] - mixup_alpha: 1.0
[2024/02/06 23:25:11] - eval: False
[2024/02/06 23:25:11] - val: False
[2024/02/06 23:25:11] - chkpt_iters: 10
[2024/02/06 23:25:11] - Namespace(attack='fgsm', attack_iters=10, batch_size=128, chkpt_iters=10, cutout=True, cutout_len=16, data_dir='../cifar-data', epochs=200, epsilon=8, eval=False, fgsm_alpha=1.25, fgsm_init='random', fname='cifar_model', half=False, l1=0, l2=0, lr_drop_epoch=100, lr_max=0.1, lr_one_drop=0.01, lr_schedule='piecewise', mixup=True, mixup_alpha=1.0, model='PreActResNet18', norm='l_inf', pgd_alpha=2, restarts=1, resume=0, seed=0, val=False, width_factor=10)
[2024/02/06 23:25:11] - model: PreActResNet18
[2024/02/06 23:25:11] - l2: 0
[2024/02/06 23:25:11] - l1: 0
[2024/02/06 23:25:11] - batch_size: 128
[2024/02/06 23:25:11] - data_dir: ../cifar-data
[2024/02/06 23:25:11] - epochs: 200
[2024/02/06 23:25:11] - lr_schedule: piecewise
[2024/02/06 23:25:11] - lr_max: 0.1
[2024/02/06 23:25:11] - lr_one_drop: 0.01
[2024/02/06 23:25:11] - lr_drop_epoch: 100
[2024/02/06 23:25:11] - attack: fgsm
[2024/02/06 23:25:11] - epsilon: 8
[2024/02/06 23:25:11] - attack_iters: 10
[2024/02/06 23:25:11] - restarts: 1
[2024/02/06 23:25:11] - pgd_alpha: 2
[2024/02/06 23:25:11] - fgsm_alpha: 1.25
[2024/02/06 23:25:11] - norm: l_inf
[2024/02/06 23:25:11] - fgsm_init: random
[2024/02/06 23:25:11] - fname: cifar_model
[2024/02/06 23:25:11] - seed: 0
[2024/02/06 23:25:11] - half: False
[2024/02/06 23:25:11] - width_factor: 10
[2024/02/06 23:25:11] - resume: 0
[2024/02/06 23:25:11] - cutout: True
[2024/02/06 23:25:11] - cutout_len: 16
[2024/02/06 23:25:11] - mixup: True
[2024/02/06 23:25:11] - mixup_alpha: 1.0
[2024/02/06 23:25:11] - eval: False
[2024/02/06 23:25:11] - val: False
[2024/02/06 23:25:11] - chkpt_iters: 10
[2024/02/06 23:25:11] - Namespace(attack='pgd', attack_iters=10, batch_size=128, chkpt_iters=10, cutout=False, cutout_len=None, data_dir='../cifar-data', epochs=200, epsilon=8, eval=False, fgsm_alpha=1.25, fgsm_init='random', fname='cifar_model', half=False, l1=0, l2=0, lr_drop_epoch=100, lr_max=0.1, lr_one_drop=0.01, lr_schedule='linear', mixup=False, mixup_alpha=None, model='PreActResNet18', norm='l_inf', pgd_alpha=2, restarts=1, resume=0, seed=0, val=False, width_factor=10)
[2024/02/06 23:25:11] - Namespace(attack='pgd', attack_iters=10, batch_size=128, chkpt_iters=10, cutout=False, cutout_len=None, data_dir='../cifar-data', epochs=200, epsilon=8, eval=False, fgsm_alpha=1.25, fgsm_init='random', fname='cifar_model', half=False, l1=0, l2=0, lr_drop_epoch=100, lr_max=0.1, lr_one_drop=0.01, lr_schedule='cosine', mixup=False, mixup_alpha=None, model='PreActResNet18', norm='l_inf', pgd_alpha=2, restarts=1, resume=0, seed=0, val=False, width_factor=10)
[2024/02/06 23:25:11] - model: PreActResNet18
[2024/02/06 23:25:11] - l2: 0
[2024/02/06 23:25:11] - l1: 0
[2024/02/06 23:25:11] - batch_size: 128
[2024/02/06 23:25:11] - data_dir: ../cifar-data
[2024/02/06 23:25:11] - epochs: 200
[2024/02/06 23:25:11] - lr_schedule: cosine
[2024/02/06 23:25:11] - lr_max: 0.1
[2024/02/06 23:25:11] - lr_one_drop: 0.01
[2024/02/06 23:25:11] - lr_drop_epoch: 100
[2024/02/06 23:25:11] - attack: pgd
[2024/02/06 23:25:11] - epsilon: 8
[2024/02/06 23:25:11] - attack_iters: 10
[2024/02/06 23:25:11] - restarts: 1
[2024/02/06 23:25:11] - pgd_alpha: 2
[2024/02/06 23:25:11] - fgsm_alpha: 1.25
[2024/02/06 23:25:11] - norm: l_inf
[2024/02/06 23:25:11] - fgsm_init: random
[2024/02/06 23:25:11] - fname: cifar_model
[2024/02/06 23:25:11] - seed: 0
[2024/02/06 23:25:11] - half: False
[2024/02/06 23:25:11] - width_factor: 10
[2024/02/06 23:25:11] - resume: 0
[2024/02/06 23:25:11] - cutout: False
[2024/02/06 23:25:11] - cutout_len: None
[2024/02/06 23:25:11] - mixup: False
[2024/02/06 23:25:11] - mixup_alpha: None
[2024/02/06 23:25:11] - eval: False
[2024/02/06 23:25:11] - val: False
[2024/02/06 23:25:11] - chkpt_iters: 10
[2024/02/06 23:25:11] - model: PreActResNet18
[2024/02/06 23:25:11] - l2: 0
[2024/02/06 23:25:11] - l1: 0
[2024/02/06 23:25:11] - batch_size: 128
[2024/02/06 23:25:11] - data_dir: ../cifar-data
[2024/02/06 23:25:11] - epochs: 200
[2024/02/06 23:25:11] - lr_schedule: linear
[2024/02/06 23:25:11] - lr_max: 0.1
[2024/02/06 23:25:11] - lr_one_drop: 0.01
[2024/02/06 23:25:11] - lr_drop_epoch: 100
[2024/02/06 23:25:11] - attack: pgd
[2024/02/06 23:25:11] - epsilon: 8
[2024/02/06 23:25:11] - attack_iters: 10
[2024/02/06 23:25:11] - restarts: 1
[2024/02/06 23:25:11] - pgd_alpha: 2
[2024/02/06 23:25:11] - fgsm_alpha: 1.25
[2024/02/06 23:25:11] - norm: l_inf
[2024/02/06 23:25:11] - fgsm_init: random
[2024/02/06 23:25:11] - fname: cifar_model
[2024/02/06 23:25:11] - seed: 0
[2024/02/06 23:25:11] - half: False
[2024/02/06 23:25:11] - width_factor: 10
[2024/02/06 23:25:11] - resume: 0
[2024/02/06 23:25:11] - cutout: False
[2024/02/06 23:25:11] - cutout_len: None
[2024/02/06 23:25:11] - mixup: False
[2024/02/06 23:25:11] - mixup_alpha: None
[2024/02/06 23:25:11] - eval: False
[2024/02/06 23:25:11] - val: False
[2024/02/06 23:25:11] - chkpt_iters: 10
[2024/02/06 23:25:11] - Namespace(attack='pgd', attack_iters=10, batch_size=128, chkpt_iters=10, cutout=False, cutout_len=None, data_dir='../cifar-data', epochs=200, epsilon=8, eval=False, fgsm_alpha=1.25, fgsm_init='random', fname='cifar_model', half=False, l1=0, l2=0, lr_drop_epoch=100, lr_max=0.1, lr_one_drop=0.01, lr_schedule='piecewise', mixup=False, mixup_alpha=None, model='WideResNet', norm='l_inf', pgd_alpha=2, restarts=1, resume=0, seed=0, val=False, width_factor=10)
[2024/02/06 23:25:11] - Namespace(attack='pgd', attack_iters=10, batch_size=128, chkpt_iters=10, cutout=False, cutout_len=None, data_dir='../cifar-data', epochs=200, epsilon=8, eval=False, fgsm_alpha=1.25, fgsm_init='random', fname='cifar_model', half=False, l1=0, l2=0, lr_drop_epoch=100, lr_max=0.1, lr_one_drop=0.01, lr_schedule='onedrop', mixup=False, mixup_alpha=None, model='PreActResNet18', norm='l_inf', pgd_alpha=2, restarts=1, resume=0, seed=0, val=False, width_factor=10)
[2024/02/06 23:25:11] - model: PreActResNet18
[2024/02/06 23:25:11] - l2: 0
[2024/02/06 23:25:11] - l1: 0
[2024/02/06 23:25:11] - batch_size: 128
[2024/02/06 23:25:11] - data_dir: ../cifar-data
[2024/02/06 23:25:11] - epochs: 200
[2024/02/06 23:25:11] - lr_schedule: onedrop
[2024/02/06 23:25:11] - lr_max: 0.1
[2024/02/06 23:25:11] - lr_one_drop: 0.01
[2024/02/06 23:25:11] - lr_drop_epoch: 100
[2024/02/06 23:25:11] - attack: pgd
[2024/02/06 23:25:11] - epsilon: 8
[2024/02/06 23:25:11] - attack_iters: 10
[2024/02/06 23:25:11] - restarts: 1
[2024/02/06 23:25:11] - pgd_alpha: 2
[2024/02/06 23:25:11] - fgsm_alpha: 1.25
[2024/02/06 23:25:11] - norm: l_inf
[2024/02/06 23:25:11] - fgsm_init: random
[2024/02/06 23:25:11] - fname: cifar_model
[2024/02/06 23:25:11] - seed: 0
[2024/02/06 23:25:11] - half: False
[2024/02/06 23:25:11] - width_factor: 10
[2024/02/06 23:25:11] - resume: 0
[2024/02/06 23:25:11] - cutout: False
[2024/02/06 23:25:11] - model: WideResNet
[2024/02/06 23:25:11] - l2: 0
[2024/02/06 23:25:11] - cutout_len: None
[2024/02/06 23:25:11] - l1: 0
[2024/02/06 23:25:11] - mixup: False
[2024/02/06 23:25:11] - mixup_alpha: None
[2024/02/06 23:25:11] - batch_size: 128
[2024/02/06 23:25:11] - data_dir: ../cifar-data
[2024/02/06 23:25:11] - eval: False
[2024/02/06 23:25:11] - val: False
[2024/02/06 23:25:11] - chkpt_iters: 10
[2024/02/06 23:25:11] - epochs: 200
[2024/02/06 23:25:11] - lr_schedule: piecewise
[2024/02/06 23:25:11] - lr_max: 0.1
[2024/02/06 23:25:11] - lr_one_drop: 0.01
[2024/02/06 23:25:11] - lr_drop_epoch: 100
[2024/02/06 23:25:11] - attack: pgd
[2024/02/06 23:25:11] - epsilon: 8
[2024/02/06 23:25:11] - attack_iters: 10
[2024/02/06 23:25:11] - restarts: 1
[2024/02/06 23:25:11] - pgd_alpha: 2
[2024/02/06 23:25:11] - fgsm_alpha: 1.25
[2024/02/06 23:25:11] - norm: l_inf
[2024/02/06 23:25:11] - fgsm_init: random
[2024/02/06 23:25:11] - fname: cifar_model
[2024/02/06 23:25:11] - seed: 0
[2024/02/06 23:25:11] - half: False
[2024/02/06 23:25:11] - width_factor: 10
[2024/02/06 23:25:11] - resume: 0
[2024/02/06 23:25:11] - cutout: False
[2024/02/06 23:25:11] - cutout_len: None
[2024/02/06 23:25:11] - mixup: False
[2024/02/06 23:25:11] - mixup_alpha: None
[2024/02/06 23:25:11] - eval: False
[2024/02/06 23:25:11] - Namespace(attack='fgsm', attack_iters=10, batch_size=128, chkpt_iters=10, cutout=False, cutout_len=None, data_dir='../cifar-data', epochs=200, epsilon=8, eval=False, fgsm_alpha=1.25, fgsm_init='random', fname='cifar_model', half=False, l1=0, l2=0, lr_drop_epoch=100, lr_max=0.1, lr_one_drop=0.01, lr_schedule='piecewise', mixup=False, mixup_alpha=None, model='WideResNet', norm='l_inf', pgd_alpha=2, restarts=1, resume=0, seed=0, val=False, width_factor=10)
[2024/02/06 23:25:11] - val: False
[2024/02/06 23:25:11] - chkpt_iters: 10
[2024/02/06 23:25:11] - model: WideResNet
[2024/02/06 23:25:11] - l2: 0
[2024/02/06 23:25:11] - l1: 0
[2024/02/06 23:25:11] - batch_size: 128
[2024/02/06 23:25:11] - data_dir: ../cifar-data
[2024/02/06 23:25:11] - epochs: 200
[2024/02/06 23:25:11] - lr_schedule: piecewise
[2024/02/06 23:25:11] - lr_max: 0.1
[2024/02/06 23:25:11] - lr_one_drop: 0.01
[2024/02/06 23:25:11] - lr_drop_epoch: 100
[2024/02/06 23:25:11] - attack: fgsm
[2024/02/06 23:25:11] - epsilon: 8
[2024/02/06 23:25:11] - attack_iters: 10
[2024/02/06 23:25:11] - restarts: 1
[2024/02/06 23:25:11] - pgd_alpha: 2
[2024/02/06 23:25:11] - fgsm_alpha: 1.25
[2024/02/06 23:25:11] - norm: l_inf
[2024/02/06 23:25:11] - fgsm_init: random
[2024/02/06 23:25:11] - Namespace(attack='fgsm', attack_iters=10, batch_size=128, chkpt_iters=10, cutout=False, cutout_len=None, data_dir='../cifar-data', epochs=200, epsilon=8, eval=False, fgsm_alpha=1.25, fgsm_init='random', fname='cifar_model', half=False, l1=0, l2=0, lr_drop_epoch=100, lr_max=0.1, lr_one_drop=0.01, lr_schedule='piecewisezoom', mixup=False, mixup_alpha=None, model='PreActResNet18', norm='l_inf', pgd_alpha=2, restarts=1, resume=0, seed=0, val=False, width_factor=10)
[2024/02/06 23:25:11] - fname: cifar_model
[2024/02/06 23:25:11] - seed: 0
[2024/02/06 23:25:11] - half: False
[2024/02/06 23:25:11] - width_factor: 10
[2024/02/06 23:25:11] - resume: 0
[2024/02/06 23:25:11] - cutout: False
[2024/02/06 23:25:11] - cutout_len: None
[2024/02/06 23:25:11] - mixup: False
[2024/02/06 23:25:11] - mixup_alpha: None
[2024/02/06 23:25:11] - eval: False
[2024/02/06 23:25:11] - val: False
[2024/02/06 23:25:11] - chkpt_iters: 10
[2024/02/06 23:25:11] - model: PreActResNet18
[2024/02/06 23:25:11] - l2: 0
[2024/02/06 23:25:11] - l1: 0
[2024/02/06 23:25:11] - batch_size: 128
[2024/02/06 23:25:11] - data_dir: ../cifar-data
[2024/02/06 23:25:11] - epochs: 200
[2024/02/06 23:25:11] - lr_schedule: piecewisezoom
[2024/02/06 23:25:11] - lr_max: 0.1
[2024/02/06 23:25:11] - lr_one_drop: 0.01
[2024/02/06 23:25:11] - lr_drop_epoch: 100
[2024/02/06 23:25:11] - attack: fgsm
[2024/02/06 23:25:11] - epsilon: 8
[2024/02/06 23:25:11] - attack_iters: 10
[2024/02/06 23:25:11] - restarts: 1
[2024/02/06 23:25:11] - pgd_alpha: 2
[2024/02/06 23:25:11] - fgsm_alpha: 1.25
[2024/02/06 23:25:11] - norm: l_inf
[2024/02/06 23:25:11] - fgsm_init: random
[2024/02/06 23:25:11] - fname: cifar_model
[2024/02/06 23:25:11] - seed: 0
[2024/02/06 23:25:11] - half: False
[2024/02/06 23:25:11] - width_factor: 10
[2024/02/06 23:25:11] - resume: 0
[2024/02/06 23:25:11] - cutout: False
[2024/02/06 23:25:11] - cutout_len: None
[2024/02/06 23:25:11] - mixup: False
[2024/02/06 23:25:11] - mixup_alpha: None
[2024/02/06 23:25:11] - eval: False
[2024/02/06 23:25:11] - val: False
[2024/02/06 23:25:11] - chkpt_iters: 10
[2024/02/06 23:25:11] - Namespace(attack='pgd', attack_iters=10, batch_size=128, chkpt_iters=10, cutout=True, cutout_len=16, data_dir='../cifar-data', epochs=200, epsilon=8, eval=False, fgsm_alpha=1.25, fgsm_init='random', fname='cifar_model', half=False, l1=0, l2=0, lr_drop_epoch=100, lr_max=0.1, lr_one_drop=0.01, lr_schedule='piecewise', mixup=True, mixup_alpha=1.0, model='WideResNet', norm='l_inf', pgd_alpha=2, restarts=1, resume=0, seed=0, val=False, width_factor=10)
[2024/02/06 23:25:11] - Namespace(attack='fgsm', attack_iters=10, batch_size=128, chkpt_iters=10, cutout=False, cutout_len=None, data_dir='../cifar-data', epochs=200, epsilon=8, eval=False, fgsm_alpha=1.25, fgsm_init='random', fname='cifar_model', half=False, l1=0, l2=0, lr_drop_epoch=100, lr_max=0.1, lr_one_drop=0.01, lr_schedule='cosine', mixup=False, mixup_alpha=None, model='PreActResNet18', norm='l_inf', pgd_alpha=2, restarts=1, resume=0, seed=0, val=False, width_factor=10)
[2024/02/06 23:25:11] - model: WideResNet
[2024/02/06 23:25:11] - l2: 0
[2024/02/06 23:25:11] - l1: 0
[2024/02/06 23:25:11] - batch_size: 128
[2024/02/06 23:25:11] - data_dir: ../cifar-data
[2024/02/06 23:25:11] - epochs: 200
[2024/02/06 23:25:11] - lr_schedule: piecewise
[2024/02/06 23:25:11] - lr_max: 0.1
[2024/02/06 23:25:11] - lr_one_drop: 0.01
[2024/02/06 23:25:11] - lr_drop_epoch: 100
[2024/02/06 23:25:11] - attack: pgd
[2024/02/06 23:25:11] - epsilon: 8
[2024/02/06 23:25:11] - attack_iters: 10
[2024/02/06 23:25:11] - restarts: 1
[2024/02/06 23:25:11] - pgd_alpha: 2
[2024/02/06 23:25:11] - fgsm_alpha: 1.25
[2024/02/06 23:25:11] - norm: l_inf
[2024/02/06 23:25:11] - fgsm_init: random
[2024/02/06 23:25:11] - fname: cifar_model
[2024/02/06 23:25:11] - seed: 0
[2024/02/06 23:25:11] - half: False
[2024/02/06 23:25:11] - width_factor: 10
[2024/02/06 23:25:11] - resume: 0
[2024/02/06 23:25:11] - cutout: True
[2024/02/06 23:25:11] - cutout_len: 16
[2024/02/06 23:25:11] - mixup: True
[2024/02/06 23:25:11] - mixup_alpha: 1.0
[2024/02/06 23:25:11] - eval: False
[2024/02/06 23:25:11] - val: False
[2024/02/06 23:25:11] - chkpt_iters: 10
[2024/02/06 23:25:11] - Namespace(attack='pgd', attack_iters=10, batch_size=128, chkpt_iters=10, cutout=False, cutout_len=None, data_dir='../cifar-data', epochs=200, epsilon=8, eval=False, fgsm_alpha=1.25, fgsm_init='random', fname='cifar_model', half=False, l1=0, l2=0, lr_drop_epoch=100, lr_max=0.1, lr_one_drop=0.01, lr_schedule='piecewisezoom', mixup=False, mixup_alpha=None, model='PreActResNet18', norm='l_inf', pgd_alpha=2, restarts=1, resume=0, seed=0, val=False, width_factor=10)
[2024/02/06 23:25:11] - model: PreActResNet18
[2024/02/06 23:25:11] - l2: 0
[2024/02/06 23:25:11] - l1: 0
[2024/02/06 23:25:11] - batch_size: 128
[2024/02/06 23:25:11] - data_dir: ../cifar-data
[2024/02/06 23:25:11] - epochs: 200
[2024/02/06 23:25:11] - lr_schedule: cosine
[2024/02/06 23:25:11] - lr_max: 0.1
[2024/02/06 23:25:11] - lr_one_drop: 0.01
[2024/02/06 23:25:11] - lr_drop_epoch: 100
[2024/02/06 23:25:11] - attack: fgsm
[2024/02/06 23:25:11] - epsilon: 8
[2024/02/06 23:25:11] - attack_iters: 10
[2024/02/06 23:25:11] - restarts: 1
[2024/02/06 23:25:11] - model: PreActResNet18
[2024/02/06 23:25:11] - pgd_alpha: 2
[2024/02/06 23:25:11] - fgsm_alpha: 1.25
[2024/02/06 23:25:11] - norm: l_inf
[2024/02/06 23:25:11] - fgsm_init: random
[2024/02/06 23:25:11] - fname: cifar_model
[2024/02/06 23:25:11] - seed: 0
[2024/02/06 23:25:11] - Namespace(attack='pgd', attack_iters=10, batch_size=128, chkpt_iters=10, cutout=False, cutout_len=None, data_dir='../cifar-data', epochs=200, epsilon=8, eval=False, fgsm_alpha=1.25, fgsm_init='random', fname='cifar_model', half=False, l1=0, l2=0, lr_drop_epoch=100, lr_max=0.1, lr_one_drop=0.01, lr_schedule='superconverge', mixup=False, mixup_alpha=None, model='PreActResNet18', norm='l_inf', pgd_alpha=2, restarts=1, resume=0, seed=0, val=False, width_factor=10)
[2024/02/06 23:25:11] - l2: 0
[2024/02/06 23:25:11] - l1: 0
[2024/02/06 23:25:11] - batch_size: 128
[2024/02/06 23:25:11] - data_dir: ../cifar-data
[2024/02/06 23:25:11] - epochs: 200
[2024/02/06 23:25:11] - lr_schedule: piecewisezoom
[2024/02/06 23:25:11] - lr_max: 0.1
[2024/02/06 23:25:11] - lr_one_drop: 0.01
[2024/02/06 23:25:11] - lr_drop_epoch: 100
[2024/02/06 23:25:11] - half: False
[2024/02/06 23:25:11] - attack: pgd
[2024/02/06 23:25:11] - width_factor: 10
[2024/02/06 23:25:11] - epsilon: 8
[2024/02/06 23:25:11] - resume: 0
[2024/02/06 23:25:11] - attack_iters: 10
[2024/02/06 23:25:11] - cutout: False
[2024/02/06 23:25:11] - restarts: 1
[2024/02/06 23:25:11] - pgd_alpha: 2
[2024/02/06 23:25:11] - cutout_len: None
[2024/02/06 23:25:11] - mixup: False
[2024/02/06 23:25:11] - fgsm_alpha: 1.25
[2024/02/06 23:25:11] - norm: l_inf
[2024/02/06 23:25:11] - mixup_alpha: None
[2024/02/06 23:25:11] - fgsm_init: random
[2024/02/06 23:25:11] - eval: False
[2024/02/06 23:25:11] - val: False
[2024/02/06 23:25:11] - fname: cifar_model
[2024/02/06 23:25:11] - chkpt_iters: 10
[2024/02/06 23:25:11] - seed: 0
[2024/02/06 23:25:11] - half: False
[2024/02/06 23:25:11] - width_factor: 10
[2024/02/06 23:25:11] - resume: 0
[2024/02/06 23:25:11] - cutout: False
[2024/02/06 23:25:11] - cutout_len: None
[2024/02/06 23:25:11] - mixup: False
[2024/02/06 23:25:11] - mixup_alpha: None
[2024/02/06 23:25:11] - eval: False
[2024/02/06 23:25:11] - model: PreActResNet18
[2024/02/06 23:25:11] - val: False
[2024/02/06 23:25:11] - chkpt_iters: 10
[2024/02/06 23:25:11] - l2: 0
[2024/02/06 23:25:11] - l1: 0
[2024/02/06 23:25:11] - batch_size: 128
[2024/02/06 23:25:11] - data_dir: ../cifar-data
[2024/02/06 23:25:11] - epochs: 200
[2024/02/06 23:25:11] - lr_schedule: superconverge
[2024/02/06 23:25:11] - lr_max: 0.1
[2024/02/06 23:25:11] - lr_one_drop: 0.01
[2024/02/06 23:25:11] - lr_drop_epoch: 100
[2024/02/06 23:25:11] - attack: pgd
[2024/02/06 23:25:11] - epsilon: 8
[2024/02/06 23:25:11] - attack_iters: 10
[2024/02/06 23:25:11] - restarts: 1
[2024/02/06 23:25:11] - pgd_alpha: 2
[2024/02/06 23:25:11] - fgsm_alpha: 1.25
[2024/02/06 23:25:11] - norm: l_inf
[2024/02/06 23:25:11] - fgsm_init: random
[2024/02/06 23:25:11] - fname: cifar_model
[2024/02/06 23:25:11] - seed: 0
[2024/02/06 23:25:11] - half: False
[2024/02/06 23:25:11] - width_factor: 10
[2024/02/06 23:25:11] - resume: 0
[2024/02/06 23:25:11] - cutout: False
[2024/02/06 23:25:11] - cutout_len: None
[2024/02/06 23:25:11] - mixup: False
[2024/02/06 23:25:11] - mixup_alpha: None
[2024/02/06 23:25:11] - eval: False
[2024/02/06 23:25:11] - val: False
[2024/02/06 23:25:11] - chkpt_iters: 10
[2024/02/06 23:25:11] - Namespace(attack='fgsm', attack_iters=10, batch_size=128, chkpt_iters=10, cutout=False, cutout_len=None, data_dir='../cifar-data', epochs=200, epsilon=8, eval=False, fgsm_alpha=1.25, fgsm_init='random', fname='cifar_model', half=False, l1=0, l2=0, lr_drop_epoch=100, lr_max=0.1, lr_one_drop=0.01, lr_schedule='onedrop', mixup=False, mixup_alpha=None, model='PreActResNet18', norm='l_inf', pgd_alpha=2, restarts=1, resume=0, seed=0, val=False, width_factor=10)
[2024/02/06 23:25:11] - model: PreActResNet18
[2024/02/06 23:25:11] - l2: 0
[2024/02/06 23:25:11] - l1: 0
[2024/02/06 23:25:11] - batch_size: 128
[2024/02/06 23:25:11] - data_dir: ../cifar-data
[2024/02/06 23:25:11] - epochs: 200
[2024/02/06 23:25:11] - lr_schedule: onedrop
[2024/02/06 23:25:11] - lr_max: 0.1
[2024/02/06 23:25:11] - lr_one_drop: 0.01
[2024/02/06 23:25:11] - lr_drop_epoch: 100
[2024/02/06 23:25:11] - attack: fgsm
[2024/02/06 23:25:11] - epsilon: 8
[2024/02/06 23:25:11] - attack_iters: 10
[2024/02/06 23:25:11] - restarts: 1
[2024/02/06 23:25:11] - pgd_alpha: 2
[2024/02/06 23:25:11] - fgsm_alpha: 1.25
[2024/02/06 23:25:11] - norm: l_inf
[2024/02/06 23:25:11] - fgsm_init: random
[2024/02/06 23:25:11] - fname: cifar_model
[2024/02/06 23:25:11] - seed: 0
[2024/02/06 23:25:11] - half: False
[2024/02/06 23:25:11] - width_factor: 10
[2024/02/06 23:25:11] - resume: 0
[2024/02/06 23:25:11] - cutout: False
[2024/02/06 23:25:11] - cutout_len: None
[2024/02/06 23:25:11] - mixup: False
[2024/02/06 23:25:11] - mixup_alpha: None
[2024/02/06 23:25:11] - eval: False
[2024/02/06 23:25:11] - val: False
[2024/02/06 23:25:11] - chkpt_iters: 10
[2024/02/06 23:25:11] - Namespace(attack='fgsm', attack_iters=10, batch_size=128, chkpt_iters=10, cutout=False, cutout_len=None, data_dir='../cifar-data', epochs=200, epsilon=8, eval=False, fgsm_alpha=1.25, fgsm_init='random', fname='cifar_model', half=False, l1=0, l2=0, lr_drop_epoch=100, lr_max=0.1, lr_one_drop=0.01, lr_schedule='piecewise', mixup=False, mixup_alpha=None, model='PreActResNet18', norm='l_inf', pgd_alpha=2, restarts=1, resume=0, seed=0, val=False, width_factor=10)
[2024/02/06 23:25:11] - model: PreActResNet18
[2024/02/06 23:25:11] - l2: 0
[2024/02/06 23:25:11] - l1: 0
[2024/02/06 23:25:11] - batch_size: 128
[2024/02/06 23:25:11] - data_dir: ../cifar-data
[2024/02/06 23:25:11] - epochs: 200
[2024/02/06 23:25:11] - lr_schedule: piecewise
[2024/02/06 23:25:11] - lr_max: 0.1
[2024/02/06 23:25:11] - lr_one_drop: 0.01
[2024/02/06 23:25:11] - lr_drop_epoch: 100
[2024/02/06 23:25:11] - attack: fgsm
[2024/02/06 23:25:11] - epsilon: 8
[2024/02/06 23:25:11] - attack_iters: 10
[2024/02/06 23:25:11] - restarts: 1
[2024/02/06 23:25:11] - pgd_alpha: 2
[2024/02/06 23:25:11] - fgsm_alpha: 1.25
[2024/02/06 23:25:11] - norm: l_inf
[2024/02/06 23:25:11] - fgsm_init: random
[2024/02/06 23:25:11] - fname: cifar_model
[2024/02/06 23:25:11] - seed: 0
[2024/02/06 23:25:11] - half: False
[2024/02/06 23:25:11] - width_factor: 10
[2024/02/06 23:25:11] - resume: 0
[2024/02/06 23:25:11] - cutout: False
[2024/02/06 23:25:11] - cutout_len: None
[2024/02/06 23:25:11] - mixup: False
[2024/02/06 23:25:11] - mixup_alpha: None
[2024/02/06 23:25:11] - eval: False
[2024/02/06 23:25:11] - val: False
[2024/02/06 23:25:11] - chkpt_iters: 10
[2024/02/06 23:25:11] - Namespace(attack='pgd', attack_iters=10, batch_size=128, chkpt_iters=10, cutout=False, cutout_len=None, data_dir='../cifar-data', epochs=200, epsilon=8, eval=False, fgsm_alpha=1.25, fgsm_init='random', fname='cifar_model', half=False, l1=0, l2=0, lr_drop_epoch=100, lr_max=0.1, lr_one_drop=0.01, lr_schedule='multipledecay', mixup=False, mixup_alpha=None, model='PreActResNet18', norm='l_inf', pgd_alpha=2, restarts=1, resume=0, seed=0, val=False, width_factor=10)
[2024/02/06 23:25:11] - model: PreActResNet18
[2024/02/06 23:25:11] - l2: 0
[2024/02/06 23:25:11] - l1: 0
[2024/02/06 23:25:11] - batch_size: 128
[2024/02/06 23:25:11] - data_dir: ../cifar-data
[2024/02/06 23:25:11] - epochs: 200
[2024/02/06 23:25:11] - lr_schedule: multipledecay
[2024/02/06 23:25:11] - lr_max: 0.1
[2024/02/06 23:25:11] - lr_one_drop: 0.01
[2024/02/06 23:25:11] - lr_drop_epoch: 100
[2024/02/06 23:25:11] - attack: pgd
[2024/02/06 23:25:11] - epsilon: 8
[2024/02/06 23:25:11] - attack_iters: 10
[2024/02/06 23:25:11] - restarts: 1
[2024/02/06 23:25:11] - pgd_alpha: 2
[2024/02/06 23:25:11] - fgsm_alpha: 1.25
[2024/02/06 23:25:11] - norm: l_inf
[2024/02/06 23:25:11] - fgsm_init: random
[2024/02/06 23:25:11] - fname: cifar_model
[2024/02/06 23:25:11] - seed: 0
[2024/02/06 23:25:11] - half: False
[2024/02/06 23:25:11] - width_factor: 10
[2024/02/06 23:25:11] - resume: 0
[2024/02/06 23:25:11] - cutout: False
[2024/02/06 23:25:11] - cutout_len: None
[2024/02/06 23:25:11] - mixup: False
[2024/02/06 23:25:11] - mixup_alpha: None
[2024/02/06 23:25:11] - eval: False
[2024/02/06 23:25:11] - val: False
[2024/02/06 23:25:11] - chkpt_iters: 10
[2024/02/06 23:25:11] - Namespace(attack='fgsm', attack_iters=10, batch_size=128, chkpt_iters=10, cutout=False, cutout_len=None, data_dir='../cifar-data', epochs=200, epsilon=8, eval=False, fgsm_alpha=1.25, fgsm_init='random', fname='cifar_model', half=False, l1=0, l2=0, lr_drop_epoch=100, lr_max=0.1, lr_one_drop=0.01, lr_schedule='multipledecay', mixup=False, mixup_alpha=None, model='PreActResNet18', norm='l_inf', pgd_alpha=2, restarts=1, resume=0, seed=0, val=False, width_factor=10)
[2024/02/06 23:25:11] - Namespace(attack='fgsm', attack_iters=10, batch_size=128, chkpt_iters=10, cutout=True, cutout_len=16, data_dir='../cifar-data', epochs=200, epsilon=8, eval=False, fgsm_alpha=1.25, fgsm_init='random', fname='cifar_model', half=False, l1=0, l2=0, lr_drop_epoch=100, lr_max=0.1, lr_one_drop=0.01, lr_schedule='piecewise', mixup=True, mixup_alpha=1.0, model='WideResNet', norm='l_inf', pgd_alpha=2, restarts=1, resume=0, seed=0, val=False, width_factor=10)
[2024/02/06 23:25:11] - model: WideResNet
[2024/02/06 23:25:11] - l2: 0
[2024/02/06 23:25:11] - l1: 0
[2024/02/06 23:25:11] - batch_size: 128
[2024/02/06 23:25:11] - data_dir: ../cifar-data
[2024/02/06 23:25:11] - epochs: 200
[2024/02/06 23:25:11] - lr_schedule: piecewise
[2024/02/06 23:25:11] - lr_max: 0.1
[2024/02/06 23:25:11] - lr_one_drop: 0.01
[2024/02/06 23:25:11] - lr_drop_epoch: 100
[2024/02/06 23:25:11] - attack: fgsm
[2024/02/06 23:25:11] - epsilon: 8
[2024/02/06 23:25:11] - attack_iters: 10
[2024/02/06 23:25:11] - restarts: 1
[2024/02/06 23:25:11] - pgd_alpha: 2
[2024/02/06 23:25:11] - fgsm_alpha: 1.25
[2024/02/06 23:25:11] - norm: l_inf
[2024/02/06 23:25:11] - fgsm_init: random
[2024/02/06 23:25:11] - fname: cifar_model
[2024/02/06 23:25:11] - seed: 0
[2024/02/06 23:25:11] - half: False
[2024/02/06 23:25:11] - width_factor: 10
[2024/02/06 23:25:11] - resume: 0
[2024/02/06 23:25:11] - cutout: True
[2024/02/06 23:25:11] - cutout_len: 16
[2024/02/06 23:25:11] - mixup: True
[2024/02/06 23:25:11] - mixup_alpha: 1.0
[2024/02/06 23:25:11] - eval: False
[2024/02/06 23:25:11] - val: False
[2024/02/06 23:25:11] - chkpt_iters: 10
[2024/02/06 23:25:11] - model: PreActResNet18
[2024/02/06 23:25:11] - l2: 0
[2024/02/06 23:25:11] - l1: 0
[2024/02/06 23:25:11] - batch_size: 128
[2024/02/06 23:25:11] - data_dir: ../cifar-data
[2024/02/06 23:25:11] - epochs: 200
[2024/02/06 23:25:11] - lr_schedule: multipledecay
[2024/02/06 23:25:11] - lr_max: 0.1
[2024/02/06 23:25:11] - lr_one_drop: 0.01
[2024/02/06 23:25:11] - lr_drop_epoch: 100
[2024/02/06 23:25:11] - attack: fgsm
[2024/02/06 23:25:11] - epsilon: 8
[2024/02/06 23:25:11] - attack_iters: 10
[2024/02/06 23:25:11] - restarts: 1
[2024/02/06 23:25:11] - pgd_alpha: 2
[2024/02/06 23:25:11] - fgsm_alpha: 1.25
[2024/02/06 23:25:11] - norm: l_inf
[2024/02/06 23:25:11] - fgsm_init: random
[2024/02/06 23:25:11] - fname: cifar_model
[2024/02/06 23:25:11] - seed: 0
[2024/02/06 23:25:11] - half: False
[2024/02/06 23:25:11] - width_factor: 10
[2024/02/06 23:25:11] - resume: 0
[2024/02/06 23:25:11] - cutout: False
[2024/02/06 23:25:11] - cutout_len: None
[2024/02/06 23:25:11] - mixup: False
[2024/02/06 23:25:11] - mixup_alpha: None
[2024/02/06 23:25:11] - eval: False
[2024/02/06 23:25:11] - val: False
[2024/02/06 23:25:11] - chkpt_iters: 10
[2024/02/06 23:25:40] - Epoch 	 Train Time 	 Test Time 	 LR 	 	 Train Loss 	 Train Acc 	 Train Robust Loss 	 Train Robust Acc 	 Test Loss 	 Test Acc 	 Test Robust Loss 	 Test Robust Acc
[2024/02/06 23:25:41] - Epoch 	 Train Time 	 Test Time 	 LR 	 	 Train Loss 	 Train Acc 	 Train Robust Loss 	 Train Robust Acc 	 Test Loss 	 Test Acc 	 Test Robust Loss 	 Test Robust Acc
[2024/02/06 23:25:42] - Epoch 	 Train Time 	 Test Time 	 LR 	 	 Train Loss 	 Train Acc 	 Train Robust Loss 	 Train Robust Acc 	 Test Loss 	 Test Acc 	 Test Robust Loss 	 Test Robust Acc
[2024/02/06 23:36:53] - 0 	 337.9 	 	 335.7 	 	 0.1000 	 1.8726 	 0.3120 	 2.0870 	 	 0.2194 	 	 1.6528 	 0.3898 	 1.9635 	 	 0.2682
[2024/02/06 23:36:57] - 0 	 337.8 	 	 338.2 	 	 0.1000 	 1.8560 	 0.3189 	 2.0731 	 	 0.2233 	 	 1.6418 	 0.3905 	 1.9624 	 	 0.2657
[2024/02/06 23:49:33] - 1 	 430.5 	 	 327.1 	 	 0.1000 	 1.5962 	 0.4217 	 1.8899 	 	 0.2869 	 	 1.4723 	 0.4909 	 1.8455 	 	 0.2936
[2024/02/06 23:49:34] - 1 	 430.2 	 	 327.0 	 	 0.1000 	 1.5880 	 0.4248 	 1.8833 	 	 0.2881 	 	 1.4787 	 0.4896 	 1.8472 	 	 0.2964
[2024/02/07 00:01:23] - 2 	 392.3 	 	 317.5 	 	 0.1000 	 1.4505 	 0.4864 	 1.7959 	 	 0.3184 	 	 1.4340 	 0.5053 	 1.8261 	 	 0.3069
[2024/02/07 00:01:24] - 2 	 392.3 	 	 317.4 	 	 0.1000 	 1.4484 	 0.4881 	 1.7952 	 	 0.3193 	 	 1.4337 	 0.5091 	 1.8287 	 	 0.3053
